<?xml version="1.0" encoding="UTF-8"?><testsuite name="nosetests" tests="208" errors="0" failures="0" skip="0"><testcase classname="cutplace.data.DelimitedDataFormat" name="_validatedCharacter" time="0.006" /><testcase classname="cutplace.data.FixedDataFormat" name="strippedOfBlanks" time="0.001" /><testcase classname="cutplace.data._BaseDataFormat" name="get" time="0.001" /><testcase classname="cutplace.data._BaseDataFormat" name="set" time="0.001" /><testcase classname="cutplace.interface" name="BaseValidationListener" time="0.001" /><testcase classname="cutplace.tools.InputLocation" name="__init__" time="0.001" /><testcase classname="cutplace.test_checks.DistinctCountCheckTest" name="testBrokenExpressions" time="0.004" /><testcase classname="cutplace.test_checks.DistinctCountCheckTest" name="testDistinctCountCheck" time="0.001" /><testcase classname="cutplace.test_checks.IsUniqueCheckTest" name="testBrokenUniqueCheckWithBrokenFieldName" time="0.001" /><testcase classname="cutplace.test_checks.IsUniqueCheckTest" name="testBrokenUniqueCheckWithCommaAtStart" time="0.000" /><testcase classname="cutplace.test_checks.IsUniqueCheckTest" name="testBrokenUniqueCheckWithMissingComma" time="0.001" /><testcase classname="cutplace.test_checks.IsUniqueCheckTest" name="testBrokenUniqueCheckWithMissingFields" time="0.001" /><testcase classname="cutplace.test_checks.IsUniqueCheckTest" name="testBrokenUniqueCheckWithTwoSequentialCommas" time="0.001" /><testcase classname="cutplace.test_checks.IsUniqueCheckTest" name="testCheckRow" time="0.000" /><testcase classname="cutplace.test_checks.IsUniqueCheckTest" name="testFailsOnDuplicateFieldName" time="0.001" /><testcase classname="cutplace.test_checks.IsUniqueCheckTest" name="testIsUniqueCheck" time="0.001" /><testcase classname="cutplace.test_checks.IsUniqueCheckTest" name="testLocation" time="0.000" /><testcase classname="cutplace.test_checks.IsUniqueCheckTest" name="testMissingFieldNames" time="0.000" /><testcase classname="cutplace.test_checks.IsUniqueCheckTest" name="testStr" time="0.000" /><testcase classname="cutplace.test_cutplace.CutplaceTest" name="testBrokenNoCommandLineOptions" time="0.001" /><testcase classname="cutplace.test_cutplace.CutplaceTest" name="testBrokenNonExistentDataPath" time="0.021" /><testcase classname="cutplace.test_cutplace.CutplaceTest" name="testBrokenNonExistentIcdPath" time="0.001" /><testcase classname="cutplace.test_cutplace.CutplaceTest" name="testBrokenUnknownCommandLineOption" time="0.001" /><testcase classname="cutplace.test_cutplace.CutplaceTest" name="testCanValidateDataWithPlugins" time="0.016" /><testcase classname="cutplace.test_cutplace.CutplaceTest" name="testCanValidateIcdWithPlugins" time="0.012" /><testcase classname="cutplace.test_cutplace.CutplaceTest" name="testHelp" time="0.005" /><testcase classname="cutplace.test_cutplace.CutplaceTest" name="testListEncodings" time="0.003" /><testcase classname="cutplace.test_cutplace.CutplaceTest" name="testSplitBrokenData" time="0.017" /><testcase classname="cutplace.test_cutplace.CutplaceTest" name="testSplitValidData" time="0.016" /><testcase classname="cutplace.test_cutplace.CutplaceTest" name="testValidCsvs" time="0.018" /><testcase classname="cutplace.test_cutplace.CutplaceTest" name="testValidFixedTxt" time="0.013" /><testcase classname="cutplace.test_cutplace.CutplaceTest" name="testValidIcdInCsvFormat" time="0.005" /><testcase classname="cutplace.test_cutplace.CutplaceTest" name="testValidIcdInOdsFormat" time="0.011" /><testcase classname="cutplace.test_cutplace.CutplaceTest" name="testValidIcdInXlsFormat" time="0.011" /><testcase classname="cutplace.test_cutplace.CutplaceTest" name="testValidNativeExcelFormats" time="0.022" /><testcase classname="cutplace.test_cutplace.CutplaceTest" name="testVersion" time="0.001" /><testcase classname="cutplace.test_data.DataFormatTest" name="testBrokenDecimalSeparator" time="0.000" /><testcase classname="cutplace.test_data.DataFormatTest" name="testBrokenEncoding" time="0.000" /><testcase classname="cutplace.test_data.DataFormatTest" name="testBrokenEscapeCharacter" time="0.000" /><testcase classname="cutplace.test_data.DataFormatTest" name="testBrokenLineDelimiter" time="0.000" /><testcase classname="cutplace.test_data.DataFormatTest" name="testBrokenPropertyName" time="0.000" /><testcase classname="cutplace.test_data.DataFormatTest" name="testBrokenQuoteCharacter" time="0.000" /><testcase classname="cutplace.test_data.DataFormatTest" name="testBrokenThousandsSeparator" time="0.000" /><testcase classname="cutplace.test_data.DataFormatTest" name="testCreateDataFormat" time="0.000" /><testcase classname="cutplace.test_data.DataFormatTest" name="testCsvDataFormat" time="0.000" /><testcase classname="cutplace.test_data.DataFormatTest" name="testDecimalAndThousandsSeparator" time="0.000" /><testcase classname="cutplace.test_data.DataFormatTest" name="testDelimitedDataFormat" time="0.000" /><testcase classname="cutplace.test_data.DataFormatTest" name="testHeader" time="0.000" /><testcase classname="cutplace.test_data.DataFormatTest" name="testOdsDataFormat" time="0.000" /><testcase classname="cutplace.test_data.DataFormatTest" name="testTransitionallySameDecimalSeparator" time="0.000" /><testcase classname="cutplace.test_data.DataFormatTest" name="testTransitionallySameThousandsSeparator" time="0.000" /><testcase classname="cutplace.test_fields.AbstractFieldFormatTest" name="testCanAcceptEmptyValueForFieldAllowedToBeEmpty" time="0.000" /><testcase classname="cutplace.test_fields.AbstractFieldFormatTest" name="testCanRejectEmptyValueForFieldNotAllowedToBeEmpty" time="0.000" /><testcase classname="cutplace.test_fields.AbstractFieldFormatTest" name="testEmptyAndLengthLimit" time="0.000" /><testcase classname="cutplace.test_fields.AbstractFieldFormatTest" name="testValidate" time="0.000" /><testcase classname="cutplace.test_fields.AbstractFieldFormatTest" name="testValidateLength" time="0.000" /><testcase classname="cutplace.test_fields.ChoiceFieldFormatTest" name="testBrokenEmptyChoice" time="0.000" /><testcase classname="cutplace.test_fields.ChoiceFieldFormatTest" name="testImproperChoice" time="0.000" /><testcase classname="cutplace.test_fields.ChoiceFieldFormatTest" name="testMatchWithUmlaut" time="0.000" /><testcase classname="cutplace.test_fields.ChoiceFieldFormatTest" name="testMatchingChoice" time="0.000" /><testcase classname="cutplace.test_fields.ChoiceFieldFormatTest" name="testMatchingOnlyChoice" time="0.000" /><testcase classname="cutplace.test_fields.ChoiceFieldFormatTest" name="testPossiblyEmptyFieldWithLength" time="0.000" /><testcase classname="cutplace.test_fields.DateTimeFieldFormatTest" name="testBrokenDates" time="0.002" /><testcase classname="cutplace.test_fields.DateTimeFieldFormatTest" name="testEmptyDate" time="0.000" /><testcase classname="cutplace.test_fields.DateTimeFieldFormatTest" name="testPercentSign" time="0.002" /><testcase classname="cutplace.test_fields.DateTimeFieldFormatTest" name="testValidDates" time="0.000" /><testcase classname="cutplace.test_fields.DecimalFieldFormatTest" name="testBrokenDecimalSyntax" time="0.000" /><testcase classname="cutplace.test_fields.DecimalFieldFormatTest" name="testBrokenDecimals" time="0.000" /><testcase classname="cutplace.test_fields.DecimalFieldFormatTest" name="testValidDecimals" time="0.000" /><testcase classname="cutplace.test_fields.DecimalFieldFormatTest" name="testValidGermanDecimals" time="0.000" /><testcase classname="cutplace.test_fields.IntegerFieldFormatTest" name="testAsIcdRow" time="0.000" /><testcase classname="cutplace.test_fields.IntegerFieldFormatTest" name="testNoNumber" time="0.000" /><testcase classname="cutplace.test_fields.IntegerFieldFormatTest" name="testTooBig" time="0.000" /><testcase classname="cutplace.test_fields.IntegerFieldFormatTest" name="testTooSmall" time="0.000" /><testcase classname="cutplace.test_fields.IntegerFieldFormatTest" name="testWithinRange" time="0.000" /><testcase classname="cutplace.test_fields.PatternFieldFormatTest" name="testCanAcceptValueMatchingPattern" time="0.000" /><testcase classname="cutplace.test_fields.PatternFieldFormatTest" name="testFailsOnValueNotMatchingPattern" time="0.000" /><testcase classname="cutplace.test_fields.RegExFieldFormatTest" name="testBrokenRegEx" time="0.000" /><testcase classname="cutplace.test_fields.RegExFieldFormatTest" name="testMatch" time="0.000" /><testcase classname="cutplace.test_fields.RegExFieldFormatTest" name="testNoMatch" time="0.000" /><testcase classname="cutplace.test_interface.InterfaceControlDocumentTest" name="testBrokenAsciiData" time="0.006" /><testcase classname="cutplace.test_interface.InterfaceControlDocumentTest" name="testBrokenAsciiIcd" time="0.001" /><testcase classname="cutplace.test_interface.InterfaceControlDocumentTest" name="testBrokenCheckDuplicateDescription" time="0.003" /><testcase classname="cutplace.test_interface.InterfaceControlDocumentTest" name="testBrokenCheckTooFewItems" time="0.007" /><testcase classname="cutplace.test_interface.InterfaceControlDocumentTest" name="testBrokenDataFormatDefinedTwice" time="0.001" /><testcase classname="cutplace.test_interface.InterfaceControlDocumentTest" name="testBrokenDataFormatInvalidFormat" time="0.001" /><testcase classname="cutplace.test_interface.InterfaceControlDocumentTest" name="testBrokenDataFormatInvalidFormatPropertyName" time="0.001" /><testcase classname="cutplace.test_interface.InterfaceControlDocumentTest" name="testBrokenDataFormatNonNumericHeader" time="0.001" /><testcase classname="cutplace.test_interface.InterfaceControlDocumentTest" name="testBrokenDataFormatTooSmallHeader" time="0.001" /><testcase classname="cutplace.test_interface.InterfaceControlDocumentTest" name="testBrokenDataFormatWithoutName" time="0.001" /><testcase classname="cutplace.test_interface.InterfaceControlDocumentTest" name="testBrokenDataFormatWithoutPropertyName" time="0.001" /><testcase classname="cutplace.test_interface.InterfaceControlDocumentTest" name="testBrokenDuplicateFieldName" time="0.002" /><testcase classname="cutplace.test_interface.InterfaceControlDocumentTest" name="testBrokenFieldEmptyMark" time="0.001" /><testcase classname="cutplace.test_interface.InterfaceControlDocumentTest" name="testBrokenFieldNameMissing" time="0.003" /><testcase classname="cutplace.test_interface.InterfaceControlDocumentTest" name="testBrokenFieldNameUsedTwice" time="0.002" /><testcase classname="cutplace.test_interface.InterfaceControlDocumentTest" name="testBrokenFieldNameWithInvalidCharacters" time="0.001" /><testcase classname="cutplace.test_interface.InterfaceControlDocumentTest" name="testBrokenFieldNameWithPythonKeyword" time="0.001" /><testcase classname="cutplace.test_interface.InterfaceControlDocumentTest" name="testBrokenFieldTypeMissing" time="0.003" /><testcase classname="cutplace.test_interface.InterfaceControlDocumentTest" name="testBrokenFieldTypeWitEmptyClass" time="0.001" /><testcase classname="cutplace.test_interface.InterfaceControlDocumentTest" name="testBrokenFieldTypeWitEmptyModule" time="0.001" /><testcase classname="cutplace.test_interface.InterfaceControlDocumentTest" name="testBrokenFieldTypeWitEmtySubModule" time="0.001" /><testcase classname="cutplace.test_interface.InterfaceControlDocumentTest" name="testBrokenFieldTypeWithMultipleWord" time="0.001" /><testcase classname="cutplace.test_interface.InterfaceControlDocumentTest" name="testBrokenFieldTypeWithNonExistentClass" time="0.001" /><testcase classname="cutplace.test_interface.InterfaceControlDocumentTest" name="testBrokenFieldWithTooFewItems" time="0.003" /><testcase classname="cutplace.test_interface.InterfaceControlDocumentTest" name="testBrokenFirstItem" time="0.001" /><testcase classname="cutplace.test_interface.InterfaceControlDocumentTest" name="testBrokenFixedFieldWithLowerAndUpperLength" time="0.002" /><testcase classname="cutplace.test_interface.InterfaceControlDocumentTest" name="testBrokenFixedFieldWithZeroLength" time="0.002" /><testcase classname="cutplace.test_interface.InterfaceControlDocumentTest" name="testBrokenFixedFieldWithoutLength" time="0.003" /><testcase classname="cutplace.test_interface.InterfaceControlDocumentTest" name="testBrokenInterfaceFieldBeforeDataFormat" time="0.001" /><testcase classname="cutplace.test_interface.InterfaceControlDocumentTest" name="testBrokenInterfaceFieldExample" time="0.002" /><testcase classname="cutplace.test_interface.InterfaceControlDocumentTest" name="testBrokenInterfaceWithoutFields" time="0.002" /><testcase classname="cutplace.test_interface.InterfaceControlDocumentTest" name="testBrokenInvalidCharacter" time="0.012" /><testcase classname="cutplace.test_interface.InterfaceControlDocumentTest" name="testCanGetFieldValue" time="0.005" /><testcase classname="cutplace.test_interface.InterfaceControlDocumentTest" name="testDistinctCountCheck" time="0.011" /><testcase classname="cutplace.test_interface.InterfaceControlDocumentTest" name="testEmptyChoice" time="0.003" /><testcase classname="cutplace.test_interface.InterfaceControlDocumentTest" name="testEmptyChoiceWithLength" time="0.003" /><testcase classname="cutplace.test_interface.InterfaceControlDocumentTest" name="testFailsOnGetFieldValueForEmptyRow" time="0.005" /><testcase classname="cutplace.test_interface.InterfaceControlDocumentTest" name="testFailsOnGetUnknownFieldValue" time="0.005" /><testcase classname="cutplace.test_interface.InterfaceControlDocumentTest" name="testFieldTypeWithModule" time="0.002" /><testcase classname="cutplace.test_interface.InterfaceControlDocumentTest" name="testIsUniqueCheck" time="0.007" /><testcase classname="cutplace.test_interface.InterfaceControlDocumentTest" name="testLastOptionalField" time="0.003" /><testcase classname="cutplace.test_interface.InterfaceControlDocumentTest" name="testLatin1" time="0.007" /><testcase classname="cutplace.test_interface.InterfaceControlDocumentTest" name="testResetChecks" time="0.013" /><testcase classname="cutplace.test_interface.InterfaceControlDocumentTest" name="testSimpleFixedIcd" time="0.006" /><testcase classname="cutplace.test_interface.InterfaceControlDocumentTest" name="testSimpleIcd" time="0.014" /><testcase classname="cutplace.test_interface.InterfaceControlDocumentTest" name="testSkipHeader" time="0.003" /><testcase classname="cutplace.test_interface.InterfaceControlDocumentTest" name="testTooFewItems" time="0.003" /><testcase classname="cutplace.test_interface.InterfaceControlDocumentTest" name="testTooManyItems" time="0.002" /><testcase classname="cutplace.test_interface.InterfaceControlDocumentTest" name="testValidExcel" time="0.021" /><testcase classname="cutplace.test_interface.InterfaceControlDocumentTest" name="testValidOds" time="0.016" /><testcase classname="cutplace.test_interface.PluginsTest" name="testCanValidateFieldFormatFromPlugin" time="0.003" /><testcase classname="cutplace.test_interface.ValidatedRowsTest" name="testValidatedRowsIgnore" time="0.061" /><testcase classname="cutplace.test_interface.ValidatedRowsTest" name="testValidatedRowsStrict" time="0.058" /><testcase classname="cutplace.test_interface.ValidatedRowsTest" name="testValidatedRowsWithBrokenDataFormat" time="0.038" /><testcase classname="cutplace.test_interface.ValidatedRowsTest" name="testValidatedRowsYield" time="0.102" /><testcase classname="cutplace.test_ods.OdsTest" name="testBrokenKinkyFileName" time="0.001" /><testcase classname="cutplace.test_ods.OdsTest" name="testBrokenNoOptionsAtAll" time="0.000" /><testcase classname="cutplace.test_ods.OdsTest" name="testBrokenSheet" time="0.001" /><testcase classname="cutplace.test_ods.OdsTest" name="testConsumerProducer" time="0.003" /><testcase classname="cutplace.test_ods.OdsTest" name="testConvertToCsv" time="0.003" /><testcase classname="cutplace.test_ods.OdsTest" name="testConvertToDocBook" time="0.004" /><testcase classname="cutplace.test_ods.OdsTest" name="testConvertToRst" time="0.003" /><testcase classname="cutplace.test_parsers.DelimitedParserTest" name="testAutoDelimiters" time="0.001" /><testcase classname="cutplace.test_parsers.DelimitedParserTest" name="testAutoItemDelimiter" time="0.000" /><testcase classname="cutplace.test_parsers.DelimitedParserTest" name="testBrokenMissingQuote" time="0.000" /><testcase classname="cutplace.test_parsers.DelimitedParserTest" name="testEmptyCsv" time="0.000" /><testcase classname="cutplace.test_parsers.DelimitedParserTest" name="testEmptyItemDelimiterBeforeLineDelimiterCsv" time="0.001" /><testcase classname="cutplace.test_parsers.DelimitedParserTest" name="testEmptyLineWithCrCsv" time="0.001" /><testcase classname="cutplace.test_parsers.DelimitedParserTest" name="testEmptyLineWithCrLfCsv" time="0.001" /><testcase classname="cutplace.test_parsers.DelimitedParserTest" name="testEmptyLineWithLfCsv" time="0.000" /><testcase classname="cutplace.test_parsers.DelimitedParserTest" name="testItemDelimiterAtStartCsv" time="0.000" /><testcase classname="cutplace.test_parsers.DelimitedParserTest" name="testMiddleEmptyLineCsv" time="0.001" /><testcase classname="cutplace.test_parsers.DelimitedParserTest" name="testMixedQuotedLineCsv" time="0.000" /><testcase classname="cutplace.test_parsers.DelimitedParserTest" name="testQuotedCommaCsv" time="0.001" /><testcase classname="cutplace.test_parsers.DelimitedParserTest" name="testReader" time="0.001" /><testcase classname="cutplace.test_parsers.DelimitedParserTest" name="testSingleCharCsv" time="0.000" /><testcase classname="cutplace.test_parsers.DelimitedParserTest" name="testSingleItemDelimiterCsv" time="0.000" /><testcase classname="cutplace.test_parsers.DelimitedParserTest" name="testSingleLineCsv" time="0.001" /><testcase classname="cutplace.test_parsers.DelimitedParserTest" name="testSingleLineQuotedCsv" time="0.001" /><testcase classname="cutplace.test_parsers.DelimitedParserTest" name="testSingleQuotedCharCsv" time="0.000" /><testcase classname="cutplace.test_parsers.DelimitedParserTest" name="testTwoLineCsv" time="0.001" /><testcase classname="cutplace.test_parsers.DelimitedParserTest" name="testTwoLineQuotedCsv" time="0.001" /><testcase classname="cutplace.test_parsers.ExcelReaderTest" name="testCellValue" time="0.006" /><testcase classname="cutplace.test_parsers.ExcelReaderTest" name="testIcdCustomersXls" time="0.008" /><testcase classname="cutplace.test_parsers.FixedParserTest" name="testBrokenEndingTooSoon" time="0.000" /><testcase classname="cutplace.test_parsers.FixedParserTest" name="testEmpty" time="0.000" /><testcase classname="cutplace.test_parsers.FixedParserTest" name="testValid" time="0.000" /><testcase classname="cutplace.test_ranges.RangeTest" name="testBrokenOverlappingMultiRange" time="0.001" /><testcase classname="cutplace.test_ranges.RangeTest" name="testBrokenRanges" time="0.001" /><testcase classname="cutplace.test_ranges.RangeTest" name="testBrokenSymbolicNames" time="0.000" /><testcase classname="cutplace.test_ranges.RangeTest" name="testBrokenTextRange" time="0.000" /><testcase classname="cutplace.test_ranges.RangeTest" name="testEmptyRange" time="0.000" /><testcase classname="cutplace.test_ranges.RangeTest" name="testNoRange" time="0.000" /><testcase classname="cutplace.test_ranges.RangeTest" name="testProperHexRanges" time="0.000" /><testcase classname="cutplace.test_ranges.RangeTest" name="testProperMultiRanges" time="0.000" /><testcase classname="cutplace.test_ranges.RangeTest" name="testProperRanges" time="0.000" /><testcase classname="cutplace.test_ranges.RangeTest" name="testRangesWithDefault" time="0.000" /><testcase classname="cutplace.test_ranges.RangeTest" name="testSymbolicRange" time="0.000" /><testcase classname="cutplace.test_ranges.RangeTest" name="testTextRange" time="0.000" /><testcase classname="cutplace.test_ranges.RangeTest" name="testValidate" time="0.001" /><testcase classname="cutplace.test_sniff.SniffTest" name="testCanSniffAndValidateUsingMain" time="0.037" /><testcase classname="cutplace.test_sniff.SniffTest" name="testCanSniffAndValidateUsingMainWithFieldNames" time="0.054" /><testcase classname="cutplace.test_sniff.SniffTest" name="testCanSniffAndValidateUsingMainWithHeaderAndEncoding" time="0.076" /><testcase classname="cutplace.test_sniff.SniffTest" name="testCanSniffAndValidateUsingMainWithHeaderAndSpecifiedFieldNames" time="0.017" /><testcase classname="cutplace.test_sniff.SniffTest" name="testCreateDataFormat" time="0.001" /><testcase classname="cutplace.test_sniff.SniffTest" name="testCreateEmptyInterfaceControlDocument" time="0.001" /><testcase classname="cutplace.test_sniff.SniffTest" name="testCreateInterfaceControlDocument" time="0.022" /><testcase classname="cutplace.test_sniff.SniffTest" name="testCreateReader" time="0.009" /><testcase classname="cutplace.test_sniff.SniffTest" name="testDelimitedOptions" time="0.000" /><testcase classname="cutplace.test_sniff.SniffTest" name="testEmpty" time="0.001" /><testcase classname="cutplace.test_sniff.SniffTest" name="testHeaderAndStopAfter" time="0.011" /><testcase classname="cutplace.test_tools.ToolsTest" name="testCanAsciifyText" time="0.000" /><testcase classname="cutplace.test_tools.ToolsTest" name="testCanNamifyControlCharacters" time="0.000" /><testcase classname="cutplace.test_tools.ToolsTest" name="testCanNamifyEmptyText" time="0.000" /><testcase classname="cutplace.test_tools.ToolsTest" name="testCanNamifyKeyword" time="0.000" /><testcase classname="cutplace.test_tools.ToolsTest" name="testCanNamifyNumber" time="0.000" /><testcase classname="cutplace.test_tools.ToolsTest" name="testCanNamifyText" time="0.000" /><testcase classname="cutplace.test_tools.ToolsTest" name="testCreateTestCustomerRow" time="0.002" /><testcase classname="cutplace.test_tools.ToolsTest" name="testCreateTestDateTime" time="0.001" /><testcase classname="cutplace.test_tools.ToolsTest" name="testCreateTestName" time="0.000" /><testcase classname="cutplace.test_tools.ToolsTest" name="testFailAsciifyOnNonUnicode" time="0.000" /><testcase classname="cutplace.test_tools.ToolsTest" name="testHumanReadableList" time="0.000" /><testcase classname="cutplace.test_tools.ToolsTest" name="testInputLocation" time="0.000" /><testcase classname="cutplace.test_tools.ToolsTest" name="testValidatedPythonName" time="0.000" /><testcase classname="cutplace.test_tools.ToolsTest" name="testVersion" time="0.000" /><testcase classname="cutplace.test_tools.ToolsTest" name="testWithSuffix" time="0.000" /><testcase classname="cutplace.test_web.WebTest" name="testAbout" time="0.321" /><testcase classname="cutplace.test_web.WebTest" name="testForm" time="0.254" /></testsuite>