Results of doctest builder run on 2012-08-03 21:15:37
=====================================================

Document: sqlbases
------------------
**********************************************************************
File "sqlbases.rst", line 20, in default
Failed example:
    from graphalchemy.sqlmodelss import create_flask_classes
Exception raised:
    Traceback (most recent call last):
      File "/Library/Frameworks/Python.framework/Versions/7.3/lib/python2.7/doctest.py", line 1289, in __run
        compileflags, 1) in test.globs
      File "<doctest default[2]>", line 1, in <module>
        from graphalchemy.sqlmodelss import create_flask_classes
    ImportError: No module named sqlmodelss
**********************************************************************
File "sqlbases.rst", line 22, in default
Failed example:
    app = Flask(__name__)
Exception raised:
    Traceback (most recent call last):
      File "/Library/Frameworks/Python.framework/Versions/7.3/lib/python2.7/doctest.py", line 1289, in __run
        compileflags, 1) in test.globs
      File "<doctest default[3]>", line 1, in <module>
        app = Flask(__name__)
      File "/Users/jtratner/.virtualenvs/graphalchemy/lib/python2.7/site-packages/flask/app.py", line 291, in __init__
        template_folder=template_folder)
      File "/Users/jtratner/.virtualenvs/graphalchemy/lib/python2.7/site-packages/flask/helpers.py", line 786, in __init__
        self.root_path = get_root_path(self.import_name)
      File "/Users/jtratner/.virtualenvs/graphalchemy/lib/python2.7/site-packages/flask/helpers.py", line 694, in get_root_path
        return os.path.dirname(os.path.abspath(filepath))
      File "/Users/jtratner/.virtualenvs/graphalchemy/bin/../lib/python2.7/posixpath.py", line 343, in abspath
        if not isabs(path):
      File "/Users/jtratner/.virtualenvs/graphalchemy/bin/../lib/python2.7/posixpath.py", line 53, in isabs
        return s.startswith('/')
    AttributeError: 'NoneType' object has no attribute 'startswith'
**********************************************************************
File "sqlbases.rst", line 23, in default
Failed example:
    app.config['SQLALCHEMY_DATABASE_URI'] = 'sqlite:////tmp/test.db'
Exception raised:
    Traceback (most recent call last):
      File "/Library/Frameworks/Python.framework/Versions/7.3/lib/python2.7/doctest.py", line 1289, in __run
        compileflags, 1) in test.globs
      File "<doctest default[4]>", line 1, in <module>
        app.config['SQLALCHEMY_DATABASE_URI'] = 'sqlite:////tmp/test.db'
    NameError: name 'app' is not defined
**********************************************************************
File "sqlbases.rst", line 24, in default
Failed example:
    db = SQLAlchemy(app)
Exception raised:
    Traceback (most recent call last):
      File "/Library/Frameworks/Python.framework/Versions/7.3/lib/python2.7/doctest.py", line 1289, in __run
        compileflags, 1) in test.globs
      File "<doctest default[5]>", line 1, in <module>
        db = SQLAlchemy(app)
    NameError: name 'app' is not defined
**********************************************************************
File "sqlbases.rst", line 26, in default
Failed example:
    Node, Edge = create_flask_classes(db, "Node", "Edge")
Exception raised:
    Traceback (most recent call last):
      File "/Library/Frameworks/Python.framework/Versions/7.3/lib/python2.7/doctest.py", line 1289, in __run
        compileflags, 1) in test.globs
      File "<doctest default[6]>", line 1, in <module>
        Node, Edge = create_flask_classes(db, "Node", "Edge")
    NameError: name 'create_flask_classes' is not defined
**********************************************************************
File "sqlbases.rst", line 26, in default
Failed example:
    db.create_all()
Exception raised:
    Traceback (most recent call last):
      File "/Library/Frameworks/Python.framework/Versions/7.3/lib/python2.7/doctest.py", line 1289, in __run
        compileflags, 1) in test.globs
      File "<doctest default[0]>", line 1, in <module>
        db.create_all()
    NameError: name 'db' is not defined
**********************************************************************
1 items had failures:
   6 of   8 in default
8 tests in 1 items.
2 passed and 6 failed.
***Test Failed*** 6 failures.

Doctest summary
===============
    8 tests
    6 failures in tests
    0 failures in setup code
    0 failures in cleanup code
